<?xml version="1.0" encoding="UTF-8"?>
<!-- Generated by org.testng.reporters.JUnitXMLReporter -->
<testsuite hostname="LAPTOP-AITRIMOP" ignored="0" name="Test" tests="9" failures="0" timestamp="07 Apr 2021 06:14:48 GMT" time="0.168" errors="0">
  <testcase name="tc1" time="0.026" classname="org.sample.Suite1"/>
  <testcase name="tc2" time="0.003" classname="org.sample.Suite1"/>
  <testcase name="tc3" time="0.001" classname="org.sample.Suite1"/>
  <testcase name="tc11" time="0.002" classname="org.sample.Suite2"/>
  <testcase name="tc22" time="0.001" classname="org.sample.Suite2"/>
  <testcase name="tc33" time="0.001" classname="org.sample.Suite2"/>
  <testcase name="tc111" time="0.002" classname="org.sample.Suite3"/>
  <testcase name="tc222" time="0.003" classname="org.sample.Suite3"/>
  <testcase name="tc333" time="0.003" classname="org.sample.Suite3"/>
</testsuite> <!-- Test -->
